[9872:4076:0125/191326.135:INFO:chrome_browser_cloud_management_controller.cc(196)] No machine level policy manager exists.
[17032:18776:0125/191326.235:WARNING:viz_main_impl.cc(85)] VizNullHypothesis is disabled (not a warning)
[9872:4076:0125/191326.582:INFO:CONSOLE(0)] "Fetch event handler is recognized as no-op. No-op fetch handler may bring overhead during navigation. Consider removing the handler if possible.", source:  (0)
[9872:4076:0125/191326.912:INFO:CONSOLE(473)] "<link rel=preload> has an invalid `href` value", source: https://www.xiaohongshu.com/user/profile/563eaf6d9eb578045ba942b7 (473)
[9872:4076:0125/191326.912:INFO:CONSOLE(475)] "<link rel=preload> has an invalid `href` value", source: https://www.xiaohongshu.com/user/profile/563eaf6d9eb578045ba942b7 (475)
[9872:4076:0125/191326.913:INFO:CONSOLE(477)] "<link rel=preload> has an invalid `href` value", source: https://www.xiaohongshu.com/user/profile/563eaf6d9eb578045ba942b7 (477)
[9872:4076:0125/191326.913:INFO:CONSOLE(479)] "<link rel=preload> has an invalid `href` value", source: https://www.xiaohongshu.com/user/profile/563eaf6d9eb578045ba942b7 (479)
[9872:4076:0125/191326.913:INFO:CONSOLE(481)] "<link rel=preload> has an invalid `href` value", source: https://www.xiaohongshu.com/user/profile/563eaf6d9eb578045ba942b7 (481)
[17032:18776:0125/191327.002:ERROR:gles2_cmd_decoder_passthrough.cc(1082)] [GroupMarkerNotSet(crbug.com/242999)!:A0802200BC300000]Automatic fallback to software WebGL has been deprecated. Please use the --enable-unsafe-swiftshader flag to opt in to lower security guarantees for trusted content.
[17032:18776:0125/191327.050:ERROR:gles2_cmd_decoder_passthrough.cc(1082)] [GroupMarkerNotSet(crbug.com/242999)!:A0B02200BC300000]Automatic fallback to software WebGL has been deprecated. Please use the --enable-unsafe-swiftshader flag to opt in to lower security guarantees for trusted content.
[9872:4076:0125/191327.063:INFO:CONSOLE(1)] "框架和 SDK 输出的日志默认不展示，可在框架配置文件中设置开启，详见 https://doc.weixin.qq.com/doc/w3_AWkASAb9APAr8IdJI5VS0OyqetUE6?scode=ANAAyQcbAAgB8qKjm9AWkASAb9APA", source: https://fe-static.xhscdn.com/formula-static/xhs-pc-web/public/resource/js/vendor-dynamic.beda81d6.js (1)
[17032:18776:0125/191327.085:ERROR:gles2_cmd_decoder_passthrough.cc(1082)] [GroupMarkerNotSet(crbug.com/242999)!:A0E02200BC300000]Automatic fallback to software WebGL has been deprecated. Please use the --enable-unsafe-swiftshader flag to opt in to lower security guarantees for trusted content.
[16364:15956:0125/191327.226:WARNING:backend_impl.cc(1757)] Destroying invalid entry.
[9872:4076:0125/191327.231:INFO:CONSOLE(0)] "[GroupMarkerNotSet(crbug.com/242999)!:A0802200BC300000]Automatic fallback to software WebGL has been deprecated. Please use the --enable-unsafe-swiftshader flag to opt in to lower security guarantees for trusted content.", source: https://www.xiaohongshu.com/user/profile/563eaf6d9eb578045ba942b7 (0)
[9872:4076:0125/191327.232:INFO:CONSOLE(0)] "[GroupMarkerNotSet(crbug.com/242999)!:A0B02200BC300000]Automatic fallback to software WebGL has been deprecated. Please use the --enable-unsafe-swiftshader flag to opt in to lower security guarantees for trusted content.", source: https://www.xiaohongshu.com/user/profile/563eaf6d9eb578045ba942b7 (0)
[9872:4076:0125/191327.232:INFO:CONSOLE(0)] "[GroupMarkerNotSet(crbug.com/242999)!:A0E02200BC300000]Automatic fallback to software WebGL has been deprecated. Please use the --enable-unsafe-swiftshader flag to opt in to lower security guarantees for trusted content.", source: https://www.xiaohongshu.com/user/profile/563eaf6d9eb578045ba942b7 (0)
[9872:4076:0125/191327.288:INFO:CONSOLE(1)] "Hydration completed but contains mismatches.", source: https://fe-static.xhscdn.com/formula-static/xhs-pc-web/public/resource/js/vendor.94a74c99.js (1)
[9872:4076:0125/191327.629:INFO:CONSOLE(1)] "Service Worker registered success with scope: https://www.xiaohongshu.com/", source: https://fe-static.xhscdn.com/formula-static/xhs-pc-web/public/resource/js/index.9b52cec3.js (1)
[17032:18776:0125/191327.745:ERROR:gles2_cmd_decoder_passthrough.cc(1082)] [GroupMarkerNotSet(crbug.com/242999)!:A0A04F02BC300000]Automatic fallback to software WebGL has been deprecated. Please use the --enable-unsafe-swiftshader flag to opt in to lower security guarantees for trusted content.
[9872:4076:0125/191327.867:INFO:CONSOLE(0)] "[GroupMarkerNotSet(crbug.com/242999)!:A0A04F02BC300000]Automatic fallback to software WebGL has been deprecated. Please use the --enable-unsafe-swiftshader flag to opt in to lower security guarantees for trusted content.", source: https://www.xiaohongshu.com/user/profile/563eaf6d9eb578045ba942b7 (0)
[17032:18776:0125/191327.939:ERROR:gles2_cmd_decoder_passthrough.cc(1082)] [GroupMarkerNotSet(crbug.com/242999)!:A0404F02BC300000]Automatic fallback to software WebGL has been deprecated. Please use the --enable-unsafe-swiftshader flag to opt in to lower security guarantees for trusted content.
[9872:4076:0125/191327.978:INFO:CONSOLE(0)] "[GroupMarkerNotSet(crbug.com/242999)!:A0404F02BC300000]Automatic fallback to software WebGL has been deprecated. Please use the --enable-unsafe-swiftshader flag to opt in to lower security guarantees for trusted content.", source: https://www.xiaohongshu.com/user/profile/563eaf6d9eb578045ba942b7 (0)
[9872:4076:0125/191327.985:INFO:CONSOLE(0)] "<meta name="apple-mobile-web-app-capable" content="yes"> is deprecated. Please include <meta name="mobile-web-app-capable" content="yes">", source: https://www.xiaohongshu.com/user/profile/563eaf6d9eb578045ba942b7 (0)
[9872:4076:0125/191327.987:INFO:CONSOLE(0)] "Banner not shown: beforeinstallpromptevent.preventDefault() called. The page must call beforeinstallpromptevent.prompt() to show the banner.", source: https://www.xiaohongshu.com/user/profile/563eaf6d9eb578045ba942b7 (0)
[17032:18776:0125/191328.580:ERROR:gles2_cmd_decoder_passthrough.cc(1082)] [GroupMarkerNotSet(crbug.com/242999)!:A0802200BC300000]Automatic fallback to software WebGL has been deprecated. Please use the --enable-unsafe-swiftshader flag to opt in to lower security guarantees for trusted content.
[17032:18776:0125/191328.648:ERROR:gles2_cmd_decoder_passthrough.cc(1082)] [GroupMarkerNotSet(crbug.com/242999)!:A0802200BC300000]Automatic fallback to software WebGL has been deprecated. Please use the --enable-unsafe-swiftshader flag to opt in to lower security guarantees for trusted content.
[17032:18776:0125/191328.654:ERROR:gles2_cmd_decoder_passthrough.cc(1082)] [GroupMarkerNotSet(crbug.com/242999)!:A0802200BC300000]Automatic fallback to software WebGL has been deprecated. Please use the --enable-unsafe-swiftshader flag to opt in to lower security guarantees for trusted content.
[17032:18776:0125/191328.710:ERROR:gles2_cmd_decoder_passthrough.cc(1082)] [GroupMarkerNotSet(crbug.com/242999)!:A0802200BC300000]Automatic fallback to software WebGL has been deprecated. Please use the --enable-unsafe-swiftshader flag to opt in to lower security guarantees for trusted content.
[17032:18776:0125/191328.756:ERROR:gles2_cmd_decoder_passthrough.cc(1082)] [GroupMarkerNotSet(crbug.com/242999)!:A0802200BC300000]Automatic fallback to software WebGL has been deprecated. Please use the --enable-unsafe-swiftshader flag to opt in to lower security guarantees for trusted content.
[9872:4076:0125/191328.771:INFO:CONSOLE(0)] "[GroupMarkerNotSet(crbug.com/242999)!:A0802200BC300000]Automatic fallback to software WebGL has been deprecated. Please use the --enable-unsafe-swiftshader flag to opt in to lower security guarantees for trusted content.", source: https://www.xiaohongshu.com/user/profile/563eaf6d9eb578045ba942b7 (0)
[9872:4076:0125/191338.110:INFO:CONSOLE(1)] "[apm performance metric] paintTiming", source: https://fe-static.xhscdn.com/formula-static/xhs-pc-web/public/resource/js/vendor-dynamic.beda81d6.js (1)
[9872:4076:0125/191338.112:INFO:CONSOLE(1)] "[object Object]", source: https://fe-static.xhscdn.com/formula-static/xhs-pc-web/public/resource/js/vendor-dynamic.beda81d6.js (1)
[9872:4076:0125/191338.114:INFO:CONSOLE(1)] "console.groupEnd", source: https://fe-static.xhscdn.com/formula-static/xhs-pc-web/public/resource/js/vendor-dynamic.beda81d6.js (1)
[9872:4076:0125/191338.115:INFO:CONSOLE(1)] "[apm performance metric] visualStability", source: https://fe-static.xhscdn.com/formula-static/xhs-pc-web/public/resource/js/vendor-dynamic.beda81d6.js (1)
[9872:4076:0125/191338.115:INFO:CONSOLE(1)] "[object Object]", source: https://fe-static.xhscdn.com/formula-static/xhs-pc-web/public/resource/js/vendor-dynamic.beda81d6.js (1)
[9872:4076:0125/191338.115:INFO:CONSOLE(1)] "console.groupEnd", source: https://fe-static.xhscdn.com/formula-static/xhs-pc-web/public/resource/js/vendor-dynamic.beda81d6.js (1)
[17032:18776:0125/191339.119:ERROR:gles2_cmd_decoder_passthrough.cc(1082)] [GroupMarkerNotSet(crbug.com/242999)!:A0E02200BC300000]Automatic fallback to software WebGL has been deprecated. Please use the --enable-unsafe-swiftshader flag to opt in to lower security guarantees for trusted content.
[17032:18776:0125/191339.127:ERROR:gles2_cmd_decoder_passthrough.cc(1082)] [GroupMarkerNotSet(crbug.com/242999)!:A0E02200BC300000]Automatic fallback to software WebGL has been deprecated. Please use the --enable-unsafe-swiftshader flag to opt in to lower security guarantees for trusted content.
[17032:18776:0125/191339.214:ERROR:gles2_cmd_decoder_passthrough.cc(1082)] [GroupMarkerNotSet(crbug.com/242999)!:A0E02200BC300000]Automatic fallback to software WebGL has been deprecated. Please use the --enable-unsafe-swiftshader flag to opt in to lower security guarantees for trusted content.
[17032:18776:0125/191350.115:ERROR:gles2_cmd_decoder_passthrough.cc(1082)] [GroupMarkerNotSet(crbug.com/242999)!:A0E02200BC300000]Automatic fallback to software WebGL has been deprecated. Please use the --enable-unsafe-swiftshader flag to opt in to lower security guarantees for trusted content.
[17032:18776:0125/191350.126:ERROR:gles2_cmd_decoder_passthrough.cc(1082)] [GroupMarkerNotSet(crbug.com/242999)!:A0E02200BC300000]Automatic fallback to software WebGL has been deprecated. Please use the --enable-unsafe-swiftshader flag to opt in to lower security guarantees for trusted content.
[17032:18776:0125/191350.234:ERROR:gles2_cmd_decoder_passthrough.cc(1082)] [GroupMarkerNotSet(crbug.com/242999)!:A0E02200BC300000]Automatic fallback to software WebGL has been deprecated. Please use the --enable-unsafe-swiftshader flag to opt in to lower security guarantees for trusted content.
[17032:18776:0125/191401.123:ERROR:gles2_cmd_decoder_passthrough.cc(1082)] [GroupMarkerNotSet(crbug.com/242999)!:A0E02200BC300000]Automatic fallback to software WebGL has been deprecated. Please use the --enable-unsafe-swiftshader flag to opt in to lower security guarantees for trusted content.
[17032:18776:0125/191401.133:ERROR:gles2_cmd_decoder_passthrough.cc(1082)] [GroupMarkerNotSet(crbug.com/242999)!:A0E02200BC300000]Automatic fallback to software WebGL has been deprecated. Please use the --enable-unsafe-swiftshader flag to opt in to lower security guarantees for trusted content.
[17032:18776:0125/191401.357:ERROR:gles2_cmd_decoder_passthrough.cc(1082)] [GroupMarkerNotSet(crbug.com/242999)!:A0E02200BC300000]Automatic fallback to software WebGL has been deprecated. Please use the --enable-unsafe-swiftshader flag to opt in to lower security guarantees for trusted content.
